# JRE version: OpenJDK Runtime Environment (17.0.6) (build 17.0.6+0-b2043.56-10027231)
# Java VM: OpenJDK 64-Bit Server VM (17.0.6+0-b2043.56-10027231, mixed mode, tiered, compressed oops, compressed class ptrs, g1 gc, windows-amd64)
GC Precious Log:
 CPUs: 6 total, 6 available
 Memory: 12114M
 Large Page Support: Disabled
 NUMA Support: Disabled
 Compressed Oops: Enabled (32-bit)
 Heap Region Size: 1M
 Heap Min Capacity: 8M
 Heap Initial Capacity: 190M
 Heap Max Capacity: 2G
 Pre-touch: Disabled
 Parallel Workers: 6
 Concurrent Workers: 2
 Concurrent Refinement Workers: 6
 Periodic GC: Disabled
Heap:
 garbage-first heap   total 249856K, used 154301K [0x0000000080000000, 0x0000000100000000)
  region size 1024K, 7 young (7168K), 7 survivors (7168K)
 Metaspace       used 94754K, committed 95488K, reserved 1138688K
  class space    used 12636K, committed 12928K, reserved 1048576K
GC Heap History (20 events):
Event: 29.364 GC heap after
{Heap after GC invocations=49 (full 0):
 garbage-first heap   total 187392K, used 98630K [0x0000000080000000, 0x0000000100000000)
  region size 1024K, 1 young (1024K), 1 survivors (1024K)
 Metaspace       used 73883K, committed 74560K, reserved 1114112K
  class space    used 9779K, committed 10112K, reserved 1048576K
}
Event: 30.476 GC heap before
{Heap before GC invocations=49 (full 0):
 garbage-first heap   total 187392K, used 144710K [0x0000000080000000, 0x0000000100000000)
  region size 1024K, 46 young (47104K), 1 survivors (1024K)
 Metaspace       used 76853K, committed 77568K, reserved 1122304K
  class space    used 10276K, committed 10624K, reserved 1048576K
}
Event: 30.484 GC heap after
{Heap after GC invocations=50 (full 0):
 garbage-first heap   total 187392K, used 103784K [0x0000000080000000, 0x0000000100000000)
  region size 1024K, 6 young (6144K), 6 survivors (6144K)
 Metaspace       used 76853K, committed 77568K, reserved 1122304K
  class space    used 10276K, committed 10624K, reserved 1048576K
}
Event: 31.218 GC heap before
{Heap before GC invocations=51 (full 0):
 garbage-first heap   total 187392K, used 169320K [0x0000000080000000, 0x0000000100000000)
  region size 1024K, 49 young (50176K), 6 survivors (6144K)
 Metaspace       used 80483K, committed 81152K, reserved 1122304K
  class space    used 10805K, committed 11072K, reserved 1048576K
}
Event: 31.226 GC heap after
{Heap after GC invocations=52 (full 0):
 garbage-first heap   total 187392K, used 135545K [0x0000000080000000, 0x0000000100000000)
  region size 1024K, 7 young (7168K), 7 survivors (7168K)
 Metaspace       used 80483K, committed 81152K, reserved 1122304K
  class space    used 10805K, committed 11072K, reserved 1048576K
}
Event: 31.237 GC heap before
{Heap before GC invocations=52 (full 0):
 garbage-first heap   total 187392K, used 137593K [0x0000000080000000, 0x0000000100000000)
  region size 1024K, 9 young (9216K), 7 survivors (7168K)
 Metaspace       used 80562K, committed 81216K, reserved 1122304K
  class space    used 10816K, committed 11072K, reserved 1048576K
}
Event: 31.242 GC heap after
{Heap after GC invocations=53 (full 0):
 garbage-first heap   total 187392K, used 136856K [0x0000000080000000, 0x0000000100000000)
  region size 1024K, 1 young (1024K), 1 survivors (1024K)
 Metaspace       used 80562K, committed 81216K, reserved 1122304K
  class space    used 10816K, committed 11072K, reserved 1048576K
}
Event: 31.480 GC heap before
{Heap before GC invocations=53 (full 0):
 garbage-first heap   total 187392K, used 156312K [0x0000000080000000, 0x0000000100000000)
  region size 1024K, 21 young (21504K), 1 survivors (1024K)
 Metaspace       used 81831K, committed 82496K, reserved 1122304K
  class space    used 10961K, committed 11264K, reserved 1048576K
}
Event: 31.482 GC heap after
{Heap after GC invocations=54 (full 0):
 garbage-first heap   total 187392K, used 137658K [0x0000000080000000, 0x0000000100000000)
  region size 1024K, 2 young (2048K), 2 survivors (2048K)
 Metaspace       used 81831K, committed 82496K, reserved 1122304K
  class space    used 10961K, committed 11264K, reserved 1048576K
}
Event: 31.812 GC heap before
{Heap before GC invocations=55 (full 0):
 garbage-first heap   total 237568K, used 159162K [0x0000000080000000, 0x0000000100000000)
  region size 1024K, 22 young (22528K), 2 survivors (2048K)
 Metaspace       used 85431K, committed 86080K, reserved 1130496K
  class space    used 11365K, committed 11648K, reserved 1048576K
}
Event: 31.816 GC heap after
{Heap after GC invocations=56 (full 0):
 garbage-first heap   total 237568K, used 138179K [0x0000000080000000, 0x0000000100000000)
  region size 1024K, 3 young (3072K), 3 survivors (3072K)
 Metaspace       used 85431K, committed 86080K, reserved 1130496K
  class space    used 11365K, committed 11648K, reserved 1048576K
}
Event: 31.929 GC heap before
{Heap before GC invocations=56 (full 0):
 garbage-first heap   total 237568K, used 146371K [0x0000000080000000, 0x0000000100000000)
  region size 1024K, 11 young (11264K), 3 survivors (3072K)
 Metaspace       used 86363K, committed 87104K, reserved 1130496K
  class space    used 11546K, committed 11904K, reserved 1048576K
}
Event: 31.931 GC heap after
{Heap after GC invocations=57 (full 0):
 garbage-first heap   total 237568K, used 138517K [0x0000000080000000, 0x0000000100000000)
  region size 1024K, 2 young (2048K), 2 survivors (2048K)
 Metaspace       used 86363K, committed 87104K, reserved 1130496K
  class space    used 11546K, committed 11904K, reserved 1048576K
}
Event: 32.659 GC heap before
{Heap before GC invocations=57 (full 0):
 garbage-first heap   total 237568K, used 193813K [0x0000000080000000, 0x0000000100000000)
  region size 1024K, 56 young (57344K), 2 survivors (2048K)
 Metaspace       used 92514K, committed 93184K, reserved 1130496K
  class space    used 12313K, committed 12608K, reserved 1048576K
}
Event: 32.666 GC heap after
{Heap after GC invocations=58 (full 0):
 garbage-first heap   total 237568K, used 143093K [0x0000000080000000, 0x0000000100000000)
  region size 1024K, 6 young (6144K), 6 survivors (6144K)
 Metaspace       used 92514K, committed 93184K, reserved 1130496K
  class space    used 12313K, committed 12608K, reserved 1048576K
}
Event: 33.735 GC heap before
{Heap before GC invocations=59 (full 0):
 garbage-first heap   total 249856K, used 193269K [0x0000000080000000, 0x0000000100000000)
  region size 1024K, 57 young (58368K), 6 survivors (6144K)
 Metaspace       used 94588K, committed 95232K, reserved 1138688K
  class space    used 12632K, committed 12928K, reserved 1048576K
}
Event: 33.747 GC heap after
{Heap after GC invocations=60 (full 0):
 garbage-first heap   total 249856K, used 149686K [0x0000000080000000, 0x0000000100000000)
  region size 1024K, 8 young (8192K), 8 survivors (8192K)
 Metaspace       used 94588K, committed 95232K, reserved 1138688K
  class space    used 12632K, committed 12928K, reserved 1048576K
}
Event: 33.833 GC heap before
{Heap before GC invocations=60 (full 0):
 garbage-first heap   total 249856K, used 152758K [0x0000000080000000, 0x0000000100000000)
  region size 1024K, 12 young (12288K), 8 survivors (8192K)
 Metaspace       used 94594K, committed 95296K, reserved 1138688K
  class space    used 12632K, committed 12928K, reserved 1048576K
}
Event: 33.846 GC heap after
{Heap after GC invocations=61 (full 0):
 garbage-first heap   total 249856K, used 149504K [0x0000000080000000, 0x0000000100000000)
  region size 1024K, 2 young (2048K), 2 survivors (2048K)
 Metaspace       used 94594K, committed 95296K, reserved 1138688K
  class space    used 12632K, committed 12928K, reserved 1048576K
}
Event: 34.252 GC heap before
{Heap before GC invocations=61 (full 0):
 garbage-first heap   total 249856K, used 202752K [0x0000000080000000, 0x0000000100000000)
  region size 1024K, 55 young (56320K), 2 survivors (2048K)
 Metaspace       used 94754K, committed 95488K, reserved 1138688K
  class space    used 12636K, committed 12928K, reserved 1048576K
}

